<?xml version="1.0" encoding="UTF-8"?>
<!-- Generated by org.testng.reporters.JUnitReportReporter -->
<testsuite hostname="DESKTOP-LDONCEU" failures="0" tests="5" name="runTest.CustomerAppTest" time="9.298" errors="0" timestamp="2022-12-21T11:33:43 ICT" skipped="0">
  <testcase classname="runTest.CustomerAppTest" name="login" time="2.012"/>
  <system-out/>
  <testcase classname="runTest.CustomerAppTest" name="testcas1" time="3.090"/>
  <system-out/>
  <testcase classname="runTest.CustomerAppTest" name="publ" time="0.019"/>
  <system-out/>
  <testcase classname="runTest.CustomerAppTest" name="testName" time="4.160"/>
  <system-out/>
  <testcase classname="runTest.CustomerAppTest" name="pu" time="0.017"/>
  <system-out/>
</testsuite> <!-- runTest.CustomerAppTest -->
