<?xml version="1.0" encoding="UTF-8"?>
<!-- Generated by org.testng.reporters.JUnitReportReporter -->
<testsuite hostname="DESKTOP-LDONCEU" failures="0" tests="4" name="runTest.AddCustomerTest" time="9.017" errors="0" timestamp="2022-12-12T09:26:19 ICT" skipped="0">
  <testcase classname="runTest.AddCustomerTest" name="login" time="1.765"/>
  <system-out/>
  <testcase classname="runTest.AddCustomerTest" name="testcas1" time="4.086"/>
  <system-out/>
  <testcase classname="runTest.AddCustomerTest" name="pbli" time="3.101"/>
  <system-out/>
  <testcase classname="runTest.AddCustomerTest" name="testCaseClickBtnDetail" time="0.065"/>
  <system-out/>
</testsuite> <!-- runTest.AddCustomerTest -->
