<?xml version="1.0" encoding="UTF-8"?>
<!-- Generated by org.testng.reporters.JUnitReportReporter -->
<testsuite hostname="DESKTOP-LDONCEU" failures="0" tests="5" name="runTest.CustomerAppTest" time="6.038" errors="0" timestamp="2023-01-03T14:52:32 ICT" skipped="0">
  <testcase classname="runTest.CustomerAppTest" name="login" time="0.002"/>
  <system-out/>
  <testcase classname="runTest.CustomerAppTest" name="testcas1" time="2.018"/>
  <system-out/>
  <testcase classname="runTest.CustomerAppTest" name="publ" time="0.001"/>
  <system-out/>
  <testcase classname="runTest.CustomerAppTest" name="testName" time="4.015"/>
  <system-out/>
  <testcase classname="runTest.CustomerAppTest" name="pu" time="0.002"/>
  <system-out/>
</testsuite> <!-- runTest.CustomerAppTest -->
