<?xml version="1.0" encoding="UTF-8"?>
<!-- Generated by org.testng.reporters.JUnitReportReporter -->
<testsuite hostname="DESKTOP-LDONCEU" failures="0" tests="2" name="runTest.LoginTest" time="4.943" errors="0" timestamp="2022-11-23T12:31:26 ICT" skipped="0">
  <testcase classname="runTest.LoginTest" name="verify" time="2.875"/>
  <system-out/>
  <testcase classname="runTest.LoginTest" name="login" time="2.068"/>
  <system-out/>
</testsuite> <!-- runTest.LoginTest -->
