<?xml version="1.0" encoding="UTF-8"?>
<!-- Generated by org.testng.reporters.JUnitReportReporter -->
<testsuite hostname="DESKTOP-LDONCEU" failures="0" tests="2" name="runTest.LoginTest" time="4.600" errors="0" timestamp="2022-12-21T11:33:43 ICT" skipped="0">
  <testcase classname="runTest.LoginTest" name="verify" time="2.846"/>
  <system-out/>
  <testcase classname="runTest.LoginTest" name="login" time="1.754"/>
  <system-out/>
</testsuite> <!-- runTest.LoginTest -->
