<?xml version="1.0" encoding="UTF-8"?>
<!-- Generated by org.testng.reporters.JUnitReportReporter -->
<testsuite hostname="DESKTOP-LDONCEU" failures="0" tests="6" name="runTest.CustomerOATest" time="9.564" errors="0" timestamp="2022-12-16T17:17:59 ICT" skipped="0">
  <testcase classname="runTest.CustomerOATest" name="login" time="1.753"/>
  <system-out/>
  <testcase classname="runTest.CustomerOATest" name="linkOA" time="2.145"/>
  <system-out/>
  <testcase classname="runTest.CustomerOATest" name="searchCustomer" time="2.356"/>
  <system-out/>
  <testcase classname="runTest.CustomerOATest" name="searchOAID" time="2.179"/>
  <system-out/>
  <testcase classname="runTest.CustomerOATest" name="reset" time="0.059"/>
  <system-out/>
  <testcase classname="runTest.CustomerOATest" name="addOa" time="1.072"/>
  <system-out/>
</testsuite> <!-- runTest.CustomerOATest -->
