<?xml version="1.0" encoding="UTF-8"?>
<!-- Generated by org.testng.reporters.JUnitReportReporter -->
<testsuite hostname="DESKTOP-LDONCEU" failures="0" tests="5" name="runTest.CustomerAppTest" time="9.116" errors="0" timestamp="2022-11-30T16:36:56 ICT" skipped="0">
  <testcase classname="runTest.CustomerAppTest" name="login" time="1.850"/>
  <system-out/>
  <testcase classname="runTest.CustomerAppTest" name="testcas1" time="3.091"/>
  <system-out/>
  <testcase classname="runTest.CustomerAppTest" name="publ" time="0.020"/>
  <system-out/>
  <testcase classname="runTest.CustomerAppTest" name="testName" time="4.140"/>
  <system-out/>
  <testcase classname="runTest.CustomerAppTest" name="pu" time="0.015"/>
  <system-out/>
</testsuite> <!-- runTest.CustomerAppTest -->
