<?xml version="1.0" encoding="UTF-8"?>
<!-- Generated by org.testng.reporters.JUnitReportReporter -->
<testsuite hostname="DESKTOP-LDONCEU" failures="0" tests="2" name="runTest.CustomerTest" time="8.693" errors="0" timestamp="2023-02-23T17:35:37 ICT" skipped="0">
  <testcase classname="runTest.CustomerTest" name="login" time="3.888"/>
  <system-out/>
  <testcase classname="runTest.CustomerTest" name="goToCustomer" time="4.805"/>
  <system-out/>
</testsuite> <!-- runTest.CustomerTest -->
