<?xml version="1.0" encoding="UTF-8"?>
<!-- Generated by org.testng.reporters.JUnitReportReporter -->
<testsuite hostname="DESKTOP-LDONCEU" failures="0" tests="4" name="runTest.AddCustomerTest" time="17.040" errors="0" timestamp="2022-12-21T11:33:43 ICT" skipped="0">
  <testcase classname="runTest.AddCustomerTest" name="login" time="1.784"/>
  <system-out/>
  <testcase classname="runTest.AddCustomerTest" name="testcas1" time="4.076"/>
  <system-out/>
  <testcase classname="runTest.AddCustomerTest" name="pbli" time="7.398"/>
  <system-out/>
  <testcase classname="runTest.AddCustomerTest" name="testCaseUpdate" time="3.782"/>
  <system-out/>
</testsuite> <!-- runTest.AddCustomerTest -->
