<?xml version="1.0" encoding="UTF-8"?>
<!-- Generated by org.testng.reporters.JUnitReportReporter -->
<testsuite hostname="DESKTOP-LDONCEU" failures="0" tests="4" name="runTest.CampaignTest" time="13.057" errors="0" timestamp="2022-12-29T14:47:48 ICT" skipped="0">
  <testcase classname="runTest.CampaignTest" name="login" time="1.842"/>
  <system-out/>
  <testcase classname="runTest.CampaignTest" name="goToCampaignPage" time="1.124"/>
  <system-out/>
  <testcase classname="runTest.CampaignTest" name="search" time="6.958"/>
  <system-out/>
  <testcase classname="runTest.CampaignTest" name="detail" time="3.133"/>
  <system-out/>
</testsuite> <!-- runTest.CampaignTest -->
