<?xml version="1.0" encoding="UTF-8"?>
<!-- Generated by org.testng.reporters.JUnitReportReporter -->
<testsuite hostname="DESKTOP-LDONCEU" failures="0" tests="2" name="runTest.LoginTest" time="4.921" errors="0" timestamp="2023-01-03T14:52:32 ICT" skipped="0">
  <testcase classname="runTest.LoginTest" name="verify" time="2.818"/>
  <system-out/>
  <testcase classname="runTest.LoginTest" name="login" time="2.103"/>
  <system-out/>
</testsuite> <!-- runTest.LoginTest -->
