<?xml version="1.0" encoding="UTF-8"?>
<!-- Generated by org.testng.reporters.JUnitReportReporter -->
<testsuite hostname="DESKTOP-LDONCEU" failures="0" tests="6" name="runTest.CustomerOATest" time="15.231" errors="0" timestamp="2022-12-19T17:06:31 ICT" skipped="0">
  <testcase classname="runTest.CustomerOATest" name="login" time="1.823"/>
  <system-out/>
  <testcase classname="runTest.CustomerOATest" name="linkOA" time="2.173"/>
  <system-out/>
  <testcase classname="runTest.CustomerOATest" name="searchCustomer" time="2.326"/>
  <system-out/>
  <testcase classname="runTest.CustomerOATest" name="searchOAID" time="2.256"/>
  <system-out/>
  <testcase classname="runTest.CustomerOATest" name="reset" time="1.067"/>
  <system-out/>
  <testcase classname="runTest.CustomerOATest" name="addOaNameExisted" time="5.586"/>
  <system-out/>
</testsuite> <!-- runTest.CustomerOATest -->
