<?xml version="1.0" encoding="UTF-8"?>
<!-- Generated by org.testng.reporters.JUnitReportReporter -->
<testsuite hostname="DESKTOP-LDONCEU" failures="0" tests="2" name="runTest.LogTest" time="10.435" errors="0" timestamp="2023-02-24T16:49:39 ICT" skipped="0">
  <testcase classname="runTest.LogTest" name="login" time="3.949"/>
  <system-out/>
  <testcase classname="runTest.LogTest" name="goToLogsPage" time="6.486"/>
  <system-out/>
</testsuite> <!-- runTest.LogTest -->
