<?xml version="1.0" encoding="UTF-8"?>
<!-- Generated by org.testng.reporters.JUnitReportReporter -->
<testsuite hostname="DESKTOP-LDONCEU" failures="0" tests="3" name="runTest.QuotaTest" time="4.552" errors="0" timestamp="2023-02-23T14:31:44 ICT" skipped="0">
  <testcase classname="runTest.QuotaTest" name="login" time="3.966"/>
  <system-out/>
  <testcase classname="runTest.QuotaTest" name="goToQuota" time="0.062"/>
  <system-out/>
  <testcase classname="runTest.QuotaTest" name="goToAdd" time="0.524"/>
  <system-out/>
</testsuite> <!-- runTest.QuotaTest -->
